<?xml version="1.0" encoding="UTF-8"?>
<!-- Generated by org.testng.reporters.JUnitReportReporter -->
<testsuite hostname="ASHIKULs-MBP" failures="1" tests="11" name="com.qa.opencart.tests.ProductInfo_DataDrivenTest" time="37.623" errors="0" timestamp="2023-07-25T01:00:39 EDT" skipped="0">
  <testcase classname="com.qa.opencart.tests.ProductInfo_DataDrivenTest" name="productHeaderTest" time="3.328"/>
  <system-out/>
  <testcase classname="com.qa.opencart.tests.ProductInfo_DataDrivenTest" name="productHeaderTest" time="2.822"/>
  <system-out/>
  <testcase classname="com.qa.opencart.tests.ProductInfo_DataDrivenTest" name="productInfoTest" time="3.489">
    <failure message="The following asserts failed:
	expected [MacBook Pro] but found [null]" type="java.lang.AssertionError">
      <![CDATA[java.lang.AssertionError: The following asserts failed:
expected [MacBook Pro] but found [null]
at org.testng.asserts.SoftAssert.assertAll(SoftAssert.java:46)
at org.testng.asserts.SoftAssert.assertAll(SoftAssert.java:30)
at com.qa.opencart.tests.ProductInfo_DataDrivenTest.productInfoTest(ProductInfo_DataDrivenTest.java:85)
at java.base/jdk.internal.reflect.NativeMethodAccessorImpl.invoke0(Native Method)
at java.base/jdk.internal.reflect.NativeMethodAccessorImpl.invoke(NativeMethodAccessorImpl.java:77)
at java.base/jdk.internal.reflect.DelegatingMethodAccessorImpl.invoke(DelegatingMethodAccessorImpl.java:43)
at java.base/java.lang.reflect.Method.invoke(Method.java:568)
at org.testng.internal.invokers.MethodInvocationHelper.invokeMethod(MethodInvocationHelper.java:139)
at org.testng.internal.invokers.TestInvoker.invokeMethod(TestInvoker.java:677)
at org.testng.internal.invokers.TestInvoker.invokeTestMethod(TestInvoker.java:221)
at org.testng.internal.invokers.MethodRunner.runInSequence(MethodRunner.java:50)
at org.testng.internal.invokers.TestInvoker$MethodInvocationAgent.invoke(TestInvoker.java:969)
at org.testng.internal.invokers.TestInvoker.invokeTestMethods(TestInvoker.java:194)
at org.testng.internal.invokers.TestMethodWorker.invokeTestMethods(TestMethodWorker.java:148)
at org.testng.internal.invokers.TestMethodWorker.run(TestMethodWorker.java:128)
at java.base/java.util.ArrayList.forEach(ArrayList.java:1511)
at org.testng.TestRunner.privateRun(TestRunner.java:829)
at org.testng.TestRunner.run(TestRunner.java:602)
at org.testng.SuiteRunner.runTest(SuiteRunner.java:437)
at org.testng.SuiteRunner$SuiteWorker.run(SuiteRunner.java:475)
at org.testng.internal.thread.ThreadUtil.lambda$execute$0(ThreadUtil.java:58)
at java.base/java.util.concurrent.FutureTask.run(FutureTask.java:264)
at java.base/java.util.concurrent.ThreadPoolExecutor.runWorker(ThreadPoolExecutor.java:1136)
at java.base/java.util.concurrent.ThreadPoolExecutor$Worker.run(ThreadPoolExecutor.java:635)
at java.base/java.lang.Thread.run(Thread.java:833)
]]>
    </failure>
  </testcase> <!-- productInfoTest -->
  <system-out/>
  <testcase classname="com.qa.opencart.tests.ProductInfo_DataDrivenTest" name="productHeaderTest" time="4.165"/>
  <system-out/>
  <testcase classname="com.qa.opencart.tests.ProductInfo_DataDrivenTest" name="productHeaderTest" time="3.514"/>
  <system-out/>
  <testcase classname="com.qa.opencart.tests.ProductInfo_DataDrivenTest" name="productHeaderTest" time="2.918"/>
  <system-out/>
  <testcase classname="com.qa.opencart.tests.ProductInfo_DataDrivenTest" name="productImgCountTest" time="6.564"/>
  <system-out/>
  <testcase classname="com.qa.opencart.tests.ProductInfo_DataDrivenTest" name="productImgCountTest" time="2.682"/>
  <system-out/>
  <testcase classname="com.qa.opencart.tests.ProductInfo_DataDrivenTest" name="productImgCountTest" time="2.706"/>
  <system-out/>
  <testcase classname="com.qa.opencart.tests.ProductInfo_DataDrivenTest" name="productImgCountTest" time="2.830"/>
  <system-out/>
  <testcase classname="com.qa.opencart.tests.ProductInfo_DataDrivenTest" name="productImgCountTest" time="2.605"/>
  <system-out/>
</testsuite> <!-- com.qa.opencart.tests.ProductInfo_DataDrivenTest -->
